<?xml version="1.0" encoding="UTF-8"?>
<!-- Generated by org.testng.reporters.JUnitReportReporter -->
<testsuite hostname="IN01B01ZZ3851A" failures="0" tests="1" name="com.Bachu.Scripts.NaukriUpdate" time="14.752" errors="0" timestamp="2020-09-25T15:30:26 IST" skipped="0">
  <testcase classname="com.Bachu.Scripts.NaukriUpdate" name="naukriupdate" time="14.752"/>
</testsuite> <!-- com.Bachu.Scripts.NaukriUpdate -->
